# JRE version: Java(TM) SE Runtime Environment (24.0+36) (build 24+36-3646)
# Java VM: Java HotSpot(TM) 64-Bit Server VM (24+36-3646, mixed mode, sharing, tiered, compressed oops, compressed class ptrs, parallel gc, windows-amd64)
GC Precious Log:
 CardTable entry size: 512
 CPUs: 12 total, 12 available
 Memory: 7835M
 Large Page Support: Disabled
 NUMA Support: Disabled
 Compressed Oops: Enabled (32-bit)
 Alignments: Space 512K, Generation 512K, Heap 2M
 Heap Min Capacity: 100M
 Heap Initial Capacity: 100M
 Heap Max Capacity: 2G
 Pre-touch: Disabled
 Parallel Workers: 10
Heap:
 PSYoungGen      total 27648K, used 24340K [0x00000000d5580000, 0x00000000d7e80000, 0x0000000100000000)
  eden space 26112K, 87% used [0x00000000d5580000,0x00000000d6bc9498,0x00000000d6f00000)
  from space 1536K, 98% used [0x00000000d7500000,0x00000000d767bd80,0x00000000d7680000)
  to   space 6144K, 0% used [0x00000000d6f00000,0x00000000d6f00000,0x00000000d7500000)
 ParOldGen       total 68608K, used 28391K [0x0000000080000000, 0x0000000084300000, 0x00000000d5580000)
  object space 68608K, 41% used [0x0000000080000000,0x0000000081bb9c60,0x0000000084300000)
 Metaspace       used 49024K, committed 50176K, reserved 1114112K
  class space    used 4550K, committed 5056K, reserved 1048576K
GC Heap History (20 events):
Event: 11.941 GC heap before
{Heap before GC invocations=9 (full 1):
 PSYoungGen      total 28672K, used 23920K [0x00000000d5580000, 0x00000000d7700000, 0x0000000100000000)
  eden space 24064K, 99% used [0x00000000d5580000,0x00000000d6cdc298,0x00000000d6d00000)
  from space 4608K, 0% used [0x00000000d6e00000,0x00000000d6e00000,0x00000000d7280000)
  to   space 4608K, 0% used [0x00000000d7280000,0x00000000d7280000,0x00000000d7700000)
 ParOldGen       total 68608K, used 14213K [0x0000000080000000, 0x0000000084300000, 0x00000000d5580000)
  object space 68608K, 20% used [0x0000000080000000,0x0000000080de1418,0x0000000084300000)
 Metaspace       used 23322K, committed 24000K, reserved 1114112K
  class space    used 1931K, committed 2240K, reserved 1048576K
}
Event: 11.942 GC heap after
{Heap after GC invocations=9 (full 1):
 PSYoungGen      total 31232K, used 967K [0x00000000d5580000, 0x00000000d7680000, 0x0000000100000000)
  eden space 27136K, 0% used [0x00000000d5580000,0x00000000d5580000,0x00000000d7000000)
  from space 4096K, 23% used [0x00000000d7280000,0x00000000d7371d80,0x00000000d7680000)
  to   space 2560K, 0% used [0x00000000d7000000,0x00000000d7000000,0x00000000d7280000)
 ParOldGen       total 68608K, used 14213K [0x0000000080000000, 0x0000000084300000, 0x00000000d5580000)
  object space 68608K, 20% used [0x0000000080000000,0x0000000080de1418,0x0000000084300000)
 Metaspace       used 23322K, committed 24000K, reserved 1114112K
  class space    used 1931K, committed 2240K, reserved 1048576K
}
Event: 12.259 GC heap before
{Heap before GC invocations=10 (full 1):
 PSYoungGen      total 31232K, used 28103K [0x00000000d5580000, 0x00000000d7680000, 0x0000000100000000)
  eden space 27136K, 100% used [0x00000000d5580000,0x00000000d7000000,0x00000000d7000000)
  from space 4096K, 23% used [0x00000000d7280000,0x00000000d7371d80,0x00000000d7680000)
  to   space 2560K, 0% used [0x00000000d7000000,0x00000000d7000000,0x00000000d7280000)
 ParOldGen       total 68608K, used 14213K [0x0000000080000000, 0x0000000084300000, 0x00000000d5580000)
  object space 68608K, 20% used [0x0000000080000000,0x0000000080de1418,0x0000000084300000)
 Metaspace       used 26487K, committed 27200K, reserved 1114112K
  class space    used 2155K, committed 2432K, reserved 1048576K
}
Event: 12.261 GC heap after
{Heap after GC invocations=10 (full 1):
 PSYoungGen      total 29696K, used 2530K [0x00000000d5580000, 0x00000000d7680000, 0x0000000100000000)
  eden space 27136K, 0% used [0x00000000d5580000,0x00000000d5580000,0x00000000d7000000)
  from space 2560K, 98% used [0x00000000d7000000,0x00000000d7278838,0x00000000d7280000)
  to   space 3072K, 0% used [0x00000000d7380000,0x00000000d7380000,0x00000000d7680000)
 ParOldGen       total 68608K, used 14237K [0x0000000080000000, 0x0000000084300000, 0x00000000d5580000)
  object space 68608K, 20% used [0x0000000080000000,0x0000000080de7418,0x0000000084300000)
 Metaspace       used 26487K, committed 27200K, reserved 1114112K
  class space    used 2155K, committed 2432K, reserved 1048576K
}
Event: 12.746 GC heap before
{Heap before GC invocations=11 (full 1):
 PSYoungGen      total 29696K, used 29666K [0x00000000d5580000, 0x00000000d7680000, 0x0000000100000000)
  eden space 27136K, 100% used [0x00000000d5580000,0x00000000d7000000,0x00000000d7000000)
  from space 2560K, 98% used [0x00000000d7000000,0x00000000d7278838,0x00000000d7280000)
  to   space 3072K, 0% used [0x00000000d7380000,0x00000000d7380000,0x00000000d7680000)
 ParOldGen       total 68608K, used 14237K [0x0000000080000000, 0x0000000084300000, 0x00000000d5580000)
  object space 68608K, 20% used [0x0000000080000000,0x0000000080de7418,0x0000000084300000)
 Metaspace       used 29537K, committed 30464K, reserved 1114112K
  class space    used 2418K, committed 2816K, reserved 1048576K
}
Event: 12.748 GC heap after
{Heap after GC invocations=11 (full 1):
 PSYoungGen      total 30720K, used 2656K [0x00000000d5580000, 0x00000000d7680000, 0x0000000100000000)
  eden space 27648K, 0% used [0x00000000d5580000,0x00000000d5580000,0x00000000d7080000)
  from space 3072K, 86% used [0x00000000d7380000,0x00000000d76181f0,0x00000000d7680000)
  to   space 3072K, 0% used [0x00000000d7080000,0x00000000d7080000,0x00000000d7380000)
 ParOldGen       total 68608K, used 15487K [0x0000000080000000, 0x0000000084300000, 0x00000000d5580000)
  object space 68608K, 22% used [0x0000000080000000,0x0000000080f1fda0,0x0000000084300000)
 Metaspace       used 29537K, committed 30464K, reserved 1114112K
  class space    used 2418K, committed 2816K, reserved 1048576K
}
Event: 13.104 GC heap before
{Heap before GC invocations=12 (full 1):
 PSYoungGen      total 30720K, used 30303K [0x00000000d5580000, 0x00000000d7680000, 0x0000000100000000)
  eden space 27648K, 99% used [0x00000000d5580000,0x00000000d707fda0,0x00000000d7080000)
  from space 3072K, 86% used [0x00000000d7380000,0x00000000d76181f0,0x00000000d7680000)
  to   space 3072K, 0% used [0x00000000d7080000,0x00000000d7080000,0x00000000d7380000)
 ParOldGen       total 68608K, used 15487K [0x0000000080000000, 0x0000000084300000, 0x00000000d5580000)
  object space 68608K, 22% used [0x0000000080000000,0x0000000080f1fda0,0x0000000084300000)
 Metaspace       used 33085K, committed 33984K, reserved 1114112K
  class space    used 2792K, committed 3136K, reserved 1048576K
}
Event: 13.109 GC heap after
{Heap after GC invocations=12 (full 1):
 PSYoungGen      total 30720K, used 1766K [0x00000000d5580000, 0x00000000d7680000, 0x0000000100000000)
  eden space 27648K, 0% used [0x00000000d5580000,0x00000000d5580000,0x00000000d7080000)
  from space 3072K, 57% used [0x00000000d7080000,0x00000000d7239948,0x00000000d7380000)
  to   space 2560K, 0% used [0x00000000d7400000,0x00000000d7400000,0x00000000d7680000)
 ParOldGen       total 68608K, used 17881K [0x0000000080000000, 0x0000000084300000, 0x00000000d5580000)
  object space 68608K, 26% used [0x0000000080000000,0x00000000811766d0,0x0000000084300000)
 Metaspace       used 33085K, committed 33984K, reserved 1114112K
  class space    used 2792K, committed 3136K, reserved 1048576K
}
Event: 13.385 GC heap before
{Heap before GC invocations=13 (full 2):
 PSYoungGen      total 30720K, used 22269K [0x00000000d5580000, 0x00000000d7680000, 0x0000000100000000)
  eden space 27648K, 74% used [0x00000000d5580000,0x00000000d6985c78,0x00000000d7080000)
  from space 3072K, 57% used [0x00000000d7080000,0x00000000d7239948,0x00000000d7380000)
  to   space 2560K, 0% used [0x00000000d7400000,0x00000000d7400000,0x00000000d7680000)
 ParOldGen       total 68608K, used 17881K [0x0000000080000000, 0x0000000084300000, 0x00000000d5580000)
  object space 68608K, 26% used [0x0000000080000000,0x00000000811766d0,0x0000000084300000)
 Metaspace       used 34902K, committed 35840K, reserved 1114112K
  class space    used 3001K, committed 3456K, reserved 1048576K
}
Event: 13.418 GC heap after
{Heap after GC invocations=13 (full 2):
 PSYoungGen      total 30720K, used 0K [0x00000000d5580000, 0x00000000d7680000, 0x0000000100000000)
  eden space 27648K, 0% used [0x00000000d5580000,0x00000000d5580000,0x00000000d7080000)
  from space 3072K, 0% used [0x00000000d7080000,0x00000000d7080000,0x00000000d7380000)
  to   space 2560K, 0% used [0x00000000d7400000,0x00000000d7400000,0x00000000d7680000)
 ParOldGen       total 68608K, used 20987K [0x0000000080000000, 0x0000000084300000, 0x00000000d5580000)
  object space 68608K, 30% used [0x0000000080000000,0x000000008147ec48,0x0000000084300000)
 Metaspace       used 34900K, committed 35840K, reserved 1114112K
  class space    used 3001K, committed 3456K, reserved 1048576K
}
Event: 13.781 GC heap before
{Heap before GC invocations=14 (full 2):
 PSYoungGen      total 30720K, used 27648K [0x00000000d5580000, 0x00000000d7680000, 0x0000000100000000)
  eden space 27648K, 100% used [0x00000000d5580000,0x00000000d7080000,0x00000000d7080000)
  from space 3072K, 0% used [0x00000000d7080000,0x00000000d7080000,0x00000000d7380000)
  to   space 2560K, 0% used [0x00000000d7400000,0x00000000d7400000,0x00000000d7680000)
 ParOldGen       total 68608K, used 20987K [0x0000000080000000, 0x0000000084300000, 0x00000000d5580000)
  object space 68608K, 30% used [0x0000000080000000,0x000000008147ec48,0x0000000084300000)
 Metaspace       used 37330K, committed 38272K, reserved 1114112K
  class space    used 3252K, committed 3648K, reserved 1048576K
}
Event: 13.783 GC heap after
{Heap after GC invocations=14 (full 2):
 PSYoungGen      total 32256K, used 1152K [0x00000000d5580000, 0x00000000d7680000, 0x0000000100000000)
  eden space 29696K, 0% used [0x00000000d5580000,0x00000000d5580000,0x00000000d7280000)
  from space 2560K, 45% used [0x00000000d7400000,0x00000000d7520000,0x00000000d7680000)
  to   space 1536K, 0% used [0x00000000d7280000,0x00000000d7280000,0x00000000d7400000)
 ParOldGen       total 68608K, used 20995K [0x0000000080000000, 0x0000000084300000, 0x00000000d5580000)
  object space 68608K, 30% used [0x0000000080000000,0x0000000081480c48,0x0000000084300000)
 Metaspace       used 37330K, committed 38272K, reserved 1114112K
  class space    used 3252K, committed 3648K, reserved 1048576K
}
Event: 14.555 GC heap before
{Heap before GC invocations=15 (full 2):
 PSYoungGen      total 32256K, used 30848K [0x00000000d5580000, 0x00000000d7680000, 0x0000000100000000)
  eden space 29696K, 100% used [0x00000000d5580000,0x00000000d7280000,0x00000000d7280000)
  from space 2560K, 45% used [0x00000000d7400000,0x00000000d7520000,0x00000000d7680000)
  to   space 1536K, 0% used [0x00000000d7280000,0x00000000d7280000,0x00000000d7400000)
 ParOldGen       total 68608K, used 20995K [0x0000000080000000, 0x0000000084300000, 0x00000000d5580000)
  object space 68608K, 30% used [0x0000000080000000,0x0000000081480c48,0x0000000084300000)
 Metaspace       used 40440K, committed 41408K, reserved 1114112K
  class space    used 3584K, committed 3968K, reserved 1048576K
}
Event: 14.558 GC heap after
{Heap after GC invocations=15 (full 2):
 PSYoungGen      total 30720K, used 1536K [0x00000000d5580000, 0x00000000d7800000, 0x0000000100000000)
  eden space 29184K, 0% used [0x00000000d5580000,0x00000000d5580000,0x00000000d7200000)
  from space 1536K, 100% used [0x00000000d7280000,0x00000000d7400000,0x00000000d7400000)
  to   space 3072K, 0% used [0x00000000d7500000,0x00000000d7500000,0x00000000d7800000)
 ParOldGen       total 68608K, used 21915K [0x0000000080000000, 0x0000000084300000, 0x00000000d5580000)
  object space 68608K, 31% used [0x0000000080000000,0x0000000081566c68,0x0000000084300000)
 Metaspace       used 40440K, committed 41408K, reserved 1114112K
  class space    used 3584K, committed 3968K, reserved 1048576K
}
Event: 15.479 GC heap before
{Heap before GC invocations=16 (full 2):
 PSYoungGen      total 30720K, used 30707K [0x00000000d5580000, 0x00000000d7800000, 0x0000000100000000)
  eden space 29184K, 99% used [0x00000000d5580000,0x00000000d71fcff0,0x00000000d7200000)
  from space 1536K, 100% used [0x00000000d7280000,0x00000000d7400000,0x00000000d7400000)
  to   space 3072K, 0% used [0x00000000d7500000,0x00000000d7500000,0x00000000d7800000)
 ParOldGen       total 68608K, used 21915K [0x0000000080000000, 0x0000000084300000, 0x00000000d5580000)
  object space 68608K, 31% used [0x0000000080000000,0x0000000081566c68,0x0000000084300000)
 Metaspace       used 43538K, committed 44544K, reserved 1114112K
  class space    used 3978K, committed 4416K, reserved 1048576K
}
Event: 15.484 GC heap after
{Heap after GC invocations=16 (full 2):
 PSYoungGen      total 32256K, used 1819K [0x00000000d5580000, 0x00000000d7700000, 0x0000000100000000)
  eden space 30208K, 0% used [0x00000000d5580000,0x00000000d5580000,0x00000000d7300000)
  from space 2048K, 88% used [0x00000000d7500000,0x00000000d76c6e80,0x00000000d7700000)
  to   space 2048K, 0% used [0x00000000d7300000,0x00000000d7300000,0x00000000d7500000)
 ParOldGen       total 68608K, used 23307K [0x0000000080000000, 0x0000000084300000, 0x00000000d5580000)
  object space 68608K, 33% used [0x0000000080000000,0x00000000816c2c98,0x0000000084300000)
 Metaspace       used 43538K, committed 44544K, reserved 1114112K
  class space    used 3978K, committed 4416K, reserved 1048576K
}
Event: 17.312 GC heap before
{Heap before GC invocations=17 (full 2):
 PSYoungGen      total 32256K, used 32027K [0x00000000d5580000, 0x00000000d7700000, 0x0000000100000000)
  eden space 30208K, 100% used [0x00000000d5580000,0x00000000d7300000,0x00000000d7300000)
  from space 2048K, 88% used [0x00000000d7500000,0x00000000d76c6e80,0x00000000d7700000)
  to   space 2048K, 0% used [0x00000000d7300000,0x00000000d7300000,0x00000000d7500000)
 ParOldGen       total 68608K, used 23307K [0x0000000080000000, 0x0000000084300000, 0x00000000d5580000)
  object space 68608K, 33% used [0x0000000080000000,0x00000000816c2c98,0x0000000084300000)
 Metaspace       used 45274K, committed 46208K, reserved 1114112K
  class space    used 4152K, committed 4544K, reserved 1048576K
}
Event: 17.316 GC heap after
{Heap after GC invocations=17 (full 2):
 PSYoungGen      total 32256K, used 768K [0x00000000d5580000, 0x00000000d7680000, 0x0000000100000000)
  eden space 30208K, 0% used [0x00000000d5580000,0x00000000d5580000,0x00000000d7300000)
  from space 2048K, 37% used [0x00000000d7300000,0x00000000d73c0000,0x00000000d7500000)
  to   space 1536K, 0% used [0x00000000d7500000,0x00000000d7500000,0x00000000d7680000)
 ParOldGen       total 68608K, used 24933K [0x0000000080000000, 0x0000000084300000, 0x00000000d5580000)
  object space 68608K, 36% used [0x0000000080000000,0x00000000818594c0,0x0000000084300000)
 Metaspace       used 45274K, committed 46208K, reserved 1114112K
  class space    used 4152K, committed 4544K, reserved 1048576K
}
Event: 18.302 GC heap before
{Heap before GC invocations=18 (full 2):
 PSYoungGen      total 32256K, used 29071K [0x00000000d5580000, 0x00000000d7680000, 0x0000000100000000)
  eden space 30208K, 93% used [0x00000000d5580000,0x00000000d7123c78,0x00000000d7300000)
  from space 2048K, 37% used [0x00000000d7300000,0x00000000d73c0000,0x00000000d7500000)
  to   space 1536K, 0% used [0x00000000d7500000,0x00000000d7500000,0x00000000d7680000)
 ParOldGen       total 68608K, used 24933K [0x0000000080000000, 0x0000000084300000, 0x00000000d5580000)
  object space 68608K, 36% used [0x0000000080000000,0x00000000818594c0,0x0000000084300000)
 Metaspace       used 47336K, committed 48384K, reserved 1114112K
  class space    used 4377K, committed 4864K, reserved 1048576K
}
Event: 18.305 GC heap after
{Heap after GC invocations=18 (full 2):
 PSYoungGen      total 27648K, used 1519K [0x00000000d5580000, 0x00000000d7e80000, 0x0000000100000000)
  eden space 26112K, 0% used [0x00000000d5580000,0x00000000d5580000,0x00000000d6f00000)
  from space 1536K, 98% used [0x00000000d7500000,0x00000000d767bd80,0x00000000d7680000)
  to   space 6144K, 0% used [0x00000000d6f00000,0x00000000d6f00000,0x00000000d7500000)
 ParOldGen       total 68608K, used 28391K [0x0000000080000000, 0x0000000084300000, 0x00000000d5580000)
  object space 68608K, 41% used [0x0000000080000000,0x0000000081bb9c60,0x0000000084300000)
 Metaspace       used 47336K, committed 48384K, reserved 1114112K
  class space    used 4377K, committed 4864K, reserved 1048576K
}

