# JRE version: Java(TM) SE Runtime Environment (24.0+36) (build 24+36-3646)
# Java VM: Java HotSpot(TM) 64-Bit Server VM (24+36-3646, mixed mode, sharing, tiered, compressed oops, compressed class ptrs, parallel gc, windows-amd64)
GC Precious Log:
 CardTable entry size: 512
 CPUs: 12 total, 12 available
 Memory: 7835M
 Large Page Support: Disabled
 NUMA Support: Disabled
 Compressed Oops: Enabled (32-bit)
 Alignments: Space 512K, Generation 512K, Heap 2M
 Heap Min Capacity: 100M
 Heap Initial Capacity: 100M
 Heap Max Capacity: 2G
 Pre-touch: Disabled
 Parallel Workers: 10
Heap:
 PSYoungGen      total 31744K, used 5460K [0x00000000d5580000, 0x00000000d7680000, 0x0000000100000000)
  eden space 29696K, 12% used [0x00000000d5580000,0x00000000d5915198,0x00000000d7280000)
  from space 2048K, 87% used [0x00000000d7480000,0x00000000d7640000,0x00000000d7680000)
  to   space 2048K, 0% used [0x00000000d7280000,0x00000000d7280000,0x00000000d7480000)
 ParOldGen       total 68608K, used 23429K [0x0000000080000000, 0x0000000084300000, 0x00000000d5580000)
  object space 68608K, 34% used [0x0000000080000000,0x00000000816e1780,0x0000000084300000)
 Metaspace       used 43629K, committed 44672K, reserved 1114112K
  class space    used 3959K, committed 4352K, reserved 1048576K
GC Heap History (20 events):
Event: 12.516 GC heap before
{Heap before GC invocations=6 (full 0):
 PSYoungGen      total 29184K, used 29182K [0x00000000d5580000, 0x00000000d7a00000, 0x0000000100000000)
  eden space 25088K, 100% used [0x00000000d5580000,0x00000000d6e00000,0x00000000d6e00000)
  from space 4096K, 99% used [0x00000000d6e80000,0x00000000d727f810,0x00000000d7280000)
  to   space 6144K, 0% used [0x00000000d7400000,0x00000000d7400000,0x00000000d7a00000)
 ParOldGen       total 68608K, used 8502K [0x0000000080000000, 0x0000000084300000, 0x00000000d5580000)
  object space 68608K, 12% used [0x0000000080000000,0x000000008084d888,0x0000000084300000)
 Metaspace       used 18440K, committed 19072K, reserved 1114112K
  class space    used 1594K, committed 1856K, reserved 1048576K
}
Event: 12.525 GC heap after
{Heap after GC invocations=6 (full 0):
 PSYoungGen      total 29696K, used 4817K [0x00000000d5580000, 0x00000000d7900000, 0x0000000100000000)
  eden space 24576K, 0% used [0x00000000d5580000,0x00000000d5580000,0x00000000d6d80000)
  from space 5120K, 94% used [0x00000000d7400000,0x00000000d78b4798,0x00000000d7900000)
  to   space 5632K, 0% used [0x00000000d6e00000,0x00000000d6e00000,0x00000000d7380000)
 ParOldGen       total 68608K, used 8510K [0x0000000080000000, 0x0000000084300000, 0x00000000d5580000)
  object space 68608K, 12% used [0x0000000080000000,0x000000008084f888,0x0000000084300000)
 Metaspace       used 18440K, committed 19072K, reserved 1114112K
  class space    used 1594K, committed 1856K, reserved 1048576K
}
Event: 13.139 GC heap before
{Heap before GC invocations=7 (full 0):
 PSYoungGen      total 29696K, used 29379K [0x00000000d5580000, 0x00000000d7900000, 0x0000000100000000)
  eden space 24576K, 99% used [0x00000000d5580000,0x00000000d6d7c750,0x00000000d6d80000)
  from space 5120K, 94% used [0x00000000d7400000,0x00000000d78b4798,0x00000000d7900000)
  to   space 5632K, 0% used [0x00000000d6e00000,0x00000000d6e00000,0x00000000d7380000)
 ParOldGen       total 68608K, used 8510K [0x0000000080000000, 0x0000000084300000, 0x00000000d5580000)
  object space 68608K, 12% used [0x0000000080000000,0x000000008084f888,0x0000000084300000)
 Metaspace       used 20691K, committed 21376K, reserved 1114112K
  class space    used 1807K, committed 2112K, reserved 1048576K
}
Event: 13.145 GC heap after
{Heap after GC invocations=7 (full 0):
 PSYoungGen      total 29696K, used 4150K [0x00000000d5580000, 0x00000000d7680000, 0x0000000100000000)
  eden space 25088K, 0% used [0x00000000d5580000,0x00000000d5580000,0x00000000d6e00000)
  from space 4608K, 90% used [0x00000000d6e00000,0x00000000d720d9b0,0x00000000d7280000)
  to   space 4096K, 0% used [0x00000000d7280000,0x00000000d7280000,0x00000000d7680000)
 ParOldGen       total 68608K, used 10058K [0x0000000080000000, 0x0000000084300000, 0x00000000d5580000)
  object space 68608K, 14% used [0x0000000080000000,0x00000000809d2b68,0x0000000084300000)
 Metaspace       used 20691K, committed 21376K, reserved 1114112K
  class space    used 1807K, committed 2112K, reserved 1048576K
}
Event: 13.164 GC heap before
{Heap before GC invocations=8 (full 1):
 PSYoungGen      total 29696K, used 5466K [0x00000000d5580000, 0x00000000d7680000, 0x0000000100000000)
  eden space 25088K, 5% used [0x00000000d5580000,0x00000000d56c9168,0x00000000d6e00000)
  from space 4608K, 90% used [0x00000000d6e00000,0x00000000d720d9b0,0x00000000d7280000)
  to   space 4096K, 0% used [0x00000000d7280000,0x00000000d7280000,0x00000000d7680000)
 ParOldGen       total 68608K, used 10058K [0x0000000080000000, 0x0000000084300000, 0x00000000d5580000)
  object space 68608K, 14% used [0x0000000080000000,0x00000000809d2b68,0x0000000084300000)
 Metaspace       used 20827K, committed 21504K, reserved 1114112K
  class space    used 1818K, committed 2112K, reserved 1048576K
}
Event: 13.186 GC heap after
{Heap after GC invocations=8 (full 1):
 PSYoungGen      total 29696K, used 0K [0x00000000d5580000, 0x00000000d7680000, 0x0000000100000000)
  eden space 25088K, 0% used [0x00000000d5580000,0x00000000d5580000,0x00000000d6e00000)
  from space 4608K, 0% used [0x00000000d6e00000,0x00000000d6e00000,0x00000000d7280000)
  to   space 4096K, 0% used [0x00000000d7280000,0x00000000d7280000,0x00000000d7680000)
 ParOldGen       total 68608K, used 14052K [0x0000000080000000, 0x0000000084300000, 0x00000000d5580000)
  object space 68608K, 20% used [0x0000000080000000,0x0000000080db9158,0x0000000084300000)
 Metaspace       used 20814K, committed 21504K, reserved 1114112K
  class space    used 1814K, committed 2112K, reserved 1048576K
}
Event: 13.580 GC heap before
{Heap before GC invocations=9 (full 1):
 PSYoungGen      total 29696K, used 25088K [0x00000000d5580000, 0x00000000d7680000, 0x0000000100000000)
  eden space 25088K, 100% used [0x00000000d5580000,0x00000000d6e00000,0x00000000d6e00000)
  from space 4608K, 0% used [0x00000000d6e00000,0x00000000d6e00000,0x00000000d7280000)
  to   space 4096K, 0% used [0x00000000d7280000,0x00000000d7280000,0x00000000d7680000)
 ParOldGen       total 68608K, used 14052K [0x0000000080000000, 0x0000000084300000, 0x00000000d5580000)
  object space 68608K, 20% used [0x0000000080000000,0x0000000080db9158,0x0000000084300000)
 Metaspace       used 23617K, committed 24384K, reserved 1114112K
  class space    used 1934K, committed 2240K, reserved 1048576K
}
Event: 13.581 GC heap after
{Heap after GC invocations=9 (full 1):
 PSYoungGen      total 31232K, used 732K [0x00000000d5580000, 0x00000000d7680000, 0x0000000100000000)
  eden space 27136K, 0% used [0x00000000d5580000,0x00000000d5580000,0x00000000d7000000)
  from space 4096K, 17% used [0x00000000d7280000,0x00000000d73372c0,0x00000000d7680000)
  to   space 2560K, 0% used [0x00000000d7000000,0x00000000d7000000,0x00000000d7280000)
 ParOldGen       total 68608K, used 14052K [0x0000000080000000, 0x0000000084300000, 0x00000000d5580000)
  object space 68608K, 20% used [0x0000000080000000,0x0000000080db9158,0x0000000084300000)
 Metaspace       used 23617K, committed 24384K, reserved 1114112K
  class space    used 1934K, committed 2240K, reserved 1048576K
}
Event: 14.095 GC heap before
{Heap before GC invocations=10 (full 1):
 PSYoungGen      total 31232K, used 27868K [0x00000000d5580000, 0x00000000d7680000, 0x0000000100000000)
  eden space 27136K, 100% used [0x00000000d5580000,0x00000000d7000000,0x00000000d7000000)
  from space 4096K, 17% used [0x00000000d7280000,0x00000000d73372c0,0x00000000d7680000)
  to   space 2560K, 0% used [0x00000000d7000000,0x00000000d7000000,0x00000000d7280000)
 ParOldGen       total 68608K, used 14052K [0x0000000080000000, 0x0000000084300000, 0x00000000d5580000)
  object space 68608K, 20% used [0x0000000080000000,0x0000000080db9158,0x0000000084300000)
 Metaspace       used 26491K, committed 27264K, reserved 1114112K
  class space    used 2140K, committed 2432K, reserved 1048576K
}
Event: 14.099 GC heap after
{Heap after GC invocations=10 (full 1):
 PSYoungGen      total 29696K, used 2544K [0x00000000d5580000, 0x00000000d7680000, 0x0000000100000000)
  eden space 27136K, 0% used [0x00000000d5580000,0x00000000d5580000,0x00000000d7000000)
  from space 2560K, 99% used [0x00000000d7000000,0x00000000d727c120,0x00000000d7280000)
  to   space 3072K, 0% used [0x00000000d7380000,0x00000000d7380000,0x00000000d7680000)
 ParOldGen       total 68608K, used 14052K [0x0000000080000000, 0x0000000084300000, 0x00000000d5580000)
  object space 68608K, 20% used [0x0000000080000000,0x0000000080db9158,0x0000000084300000)
 Metaspace       used 26491K, committed 27264K, reserved 1114112K
  class space    used 2140K, committed 2432K, reserved 1048576K
}
Event: 14.467 GC heap before
{Heap before GC invocations=11 (full 1):
 PSYoungGen      total 29696K, used 29680K [0x00000000d5580000, 0x00000000d7680000, 0x0000000100000000)
  eden space 27136K, 100% used [0x00000000d5580000,0x00000000d7000000,0x00000000d7000000)
  from space 2560K, 99% used [0x00000000d7000000,0x00000000d727c120,0x00000000d7280000)
  to   space 3072K, 0% used [0x00000000d7380000,0x00000000d7380000,0x00000000d7680000)
 ParOldGen       total 68608K, used 14052K [0x0000000080000000, 0x0000000084300000, 0x00000000d5580000)
  object space 68608K, 20% used [0x0000000080000000,0x0000000080db9178,0x0000000084300000)
 Metaspace       used 29299K, committed 30144K, reserved 1114112K
  class space    used 2389K, committed 2752K, reserved 1048576K
}
Event: 14.470 GC heap after
{Heap after GC invocations=11 (full 1):
 PSYoungGen      total 29696K, used 3069K [0x00000000d5580000, 0x00000000d7780000, 0x0000000100000000)
  eden space 26624K, 0% used [0x00000000d5580000,0x00000000d5580000,0x00000000d6f80000)
  from space 3072K, 99% used [0x00000000d7380000,0x00000000d767f710,0x00000000d7680000)
  to   space 4096K, 0% used [0x00000000d6f80000,0x00000000d6f80000,0x00000000d7380000)
 ParOldGen       total 68608K, used 14609K [0x0000000080000000, 0x0000000084300000, 0x00000000d5580000)
  object space 68608K, 21% used [0x0000000080000000,0x0000000080e445f0,0x0000000084300000)
 Metaspace       used 29299K, committed 30144K, reserved 1114112K
  class space    used 2389K, committed 2752K, reserved 1048576K
}
Event: 14.907 GC heap before
{Heap before GC invocations=12 (full 1):
 PSYoungGen      total 29696K, used 29693K [0x00000000d5580000, 0x00000000d7780000, 0x0000000100000000)
  eden space 26624K, 100% used [0x00000000d5580000,0x00000000d6f80000,0x00000000d6f80000)
  from space 3072K, 99% used [0x00000000d7380000,0x00000000d767f710,0x00000000d7680000)
  to   space 4096K, 0% used [0x00000000d6f80000,0x00000000d6f80000,0x00000000d7380000)
 ParOldGen       total 68608K, used 14609K [0x0000000080000000, 0x0000000084300000, 0x00000000d5580000)
  object space 68608K, 21% used [0x0000000080000000,0x0000000080e445f0,0x0000000084300000)
 Metaspace       used 32286K, committed 33280K, reserved 1114112K
  class space    used 2698K, committed 3072K, reserved 1048576K
}
Event: 14.910 GC heap after
{Heap after GC invocations=12 (full 1):
 PSYoungGen      total 30720K, used 1181K [0x00000000d5580000, 0x00000000d7680000, 0x0000000100000000)
  eden space 26624K, 0% used [0x00000000d5580000,0x00000000d5580000,0x00000000d6f80000)
  from space 4096K, 28% used [0x00000000d6f80000,0x00000000d70a75f0,0x00000000d7380000)
  to   space 2560K, 0% used [0x00000000d7400000,0x00000000d7400000,0x00000000d7680000)
 ParOldGen       total 68608K, used 17483K [0x0000000080000000, 0x0000000084300000, 0x00000000d5580000)
  object space 68608K, 25% used [0x0000000080000000,0x0000000081112da0,0x0000000084300000)
 Metaspace       used 32286K, committed 33280K, reserved 1114112K
  class space    used 2698K, committed 3072K, reserved 1048576K
}
Event: 15.096 GC heap before
{Heap before GC invocations=13 (full 2):
 PSYoungGen      total 30720K, used 24808K [0x00000000d5580000, 0x00000000d7680000, 0x0000000100000000)
  eden space 26624K, 88% used [0x00000000d5580000,0x00000000d6c92b10,0x00000000d6f80000)
  from space 4096K, 28% used [0x00000000d6f80000,0x00000000d70a75f0,0x00000000d7380000)
  to   space 2560K, 0% used [0x00000000d7400000,0x00000000d7400000,0x00000000d7680000)
 ParOldGen       total 68608K, used 17483K [0x0000000080000000, 0x0000000084300000, 0x00000000d5580000)
  object space 68608K, 25% used [0x0000000080000000,0x0000000081112da0,0x0000000084300000)
 Metaspace       used 34850K, committed 35840K, reserved 1114112K
  class space    used 2959K, committed 3328K, reserved 1048576K
}
Event: 15.128 GC heap after
{Heap after GC invocations=13 (full 2):
 PSYoungGen      total 30720K, used 0K [0x00000000d5580000, 0x00000000d7680000, 0x0000000100000000)
  eden space 26624K, 0% used [0x00000000d5580000,0x00000000d5580000,0x00000000d6f80000)
  from space 4096K, 0% used [0x00000000d6f80000,0x00000000d6f80000,0x00000000d7380000)
  to   space 2560K, 0% used [0x00000000d7400000,0x00000000d7400000,0x00000000d7680000)
 ParOldGen       total 68608K, used 19754K [0x0000000080000000, 0x0000000084300000, 0x00000000d5580000)
  object space 68608K, 28% used [0x0000000080000000,0x000000008134aa50,0x0000000084300000)
 Metaspace       used 34850K, committed 35840K, reserved 1114112K
  class space    used 2959K, committed 3328K, reserved 1048576K
}
Event: 15.552 GC heap before
{Heap before GC invocations=14 (full 2):
 PSYoungGen      total 30720K, used 26624K [0x00000000d5580000, 0x00000000d7680000, 0x0000000100000000)
  eden space 26624K, 100% used [0x00000000d5580000,0x00000000d6f80000,0x00000000d6f80000)
  from space 4096K, 0% used [0x00000000d6f80000,0x00000000d6f80000,0x00000000d7380000)
  to   space 2560K, 0% used [0x00000000d7400000,0x00000000d7400000,0x00000000d7680000)
 ParOldGen       total 68608K, used 19754K [0x0000000080000000, 0x0000000084300000, 0x00000000d5580000)
  object space 68608K, 28% used [0x0000000080000000,0x000000008134aa50,0x0000000084300000)
 Metaspace       used 37264K, committed 38336K, reserved 1114112K
  class space    used 3225K, committed 3712K, reserved 1048576K
}
Event: 15.554 GC heap after
{Heap after GC invocations=14 (full 2):
 PSYoungGen      total 30208K, used 2464K [0x00000000d5580000, 0x00000000d7680000, 0x0000000100000000)
  eden space 27648K, 0% used [0x00000000d5580000,0x00000000d5580000,0x00000000d7080000)
  from space 2560K, 96% used [0x00000000d7400000,0x00000000d7668000,0x00000000d7680000)
  to   space 3072K, 0% used [0x00000000d7080000,0x00000000d7080000,0x00000000d7380000)
 ParOldGen       total 68608K, used 19762K [0x0000000080000000, 0x0000000084300000, 0x00000000d5580000)
  object space 68608K, 28% used [0x0000000080000000,0x000000008134ca50,0x0000000084300000)
 Metaspace       used 37264K, committed 38336K, reserved 1114112K
  class space    used 3225K, committed 3712K, reserved 1048576K
}
Event: 16.384 GC heap before
{Heap before GC invocations=15 (full 2):
 PSYoungGen      total 30208K, used 30112K [0x00000000d5580000, 0x00000000d7680000, 0x0000000100000000)
  eden space 27648K, 100% used [0x00000000d5580000,0x00000000d7080000,0x00000000d7080000)
  from space 2560K, 96% used [0x00000000d7400000,0x00000000d7668000,0x00000000d7680000)
  to   space 3072K, 0% used [0x00000000d7080000,0x00000000d7080000,0x00000000d7380000)
 ParOldGen       total 68608K, used 19762K [0x0000000080000000, 0x0000000084300000, 0x00000000d5580000)
  object space 68608K, 28% used [0x0000000080000000,0x000000008134ca50,0x0000000084300000)
 Metaspace       used 40371K, committed 41408K, reserved 1114112K
  class space    used 3557K, committed 3968K, reserved 1048576K
}
Event: 16.388 GC heap after
{Heap after GC invocations=15 (full 2):
 PSYoungGen      total 30720K, used 1632K [0x00000000d5580000, 0x00000000d7680000, 0x0000000100000000)
  eden space 27648K, 0% used [0x00000000d5580000,0x00000000d5580000,0x00000000d7080000)
  from space 3072K, 53% used [0x00000000d7080000,0x00000000d7218000,0x00000000d7380000)
  to   space 2048K, 0% used [0x00000000d7480000,0x00000000d7480000,0x00000000d7680000)
 ParOldGen       total 68608K, used 22042K [0x0000000080000000, 0x0000000084300000, 0x00000000d5580000)
  object space 68608K, 32% used [0x0000000080000000,0x0000000081586a50,0x0000000084300000)
 Metaspace       used 40371K, committed 41408K, reserved 1114112K
  class space    used 3557K, committed 3968K, reserved 1048576K
}

