# JRE version: Java(TM) SE Runtime Environment (24.0+36) (build 24+36-3646)
# Java VM: Java HotSpot(TM) 64-Bit Server VM (24+36-3646, mixed mode, sharing, tiered, compressed oops, compressed class ptrs, parallel gc, windows-amd64)
GC Precious Log:
 CardTable entry size: 512
 CPUs: 12 total, 12 available
 Memory: 7835M
 Large Page Support: Disabled
 NUMA Support: Disabled
 Compressed Oops: Enabled (32-bit)
 Alignments: Space 512K, Generation 512K, Heap 2M
 Heap Min Capacity: 100M
 Heap Initial Capacity: 100M
 Heap Max Capacity: 2G
 Pre-touch: Disabled
 Parallel Workers: 10
Heap:
 PSYoungGen      total 30720K, used 2564K [0x00000000d5580000, 0x00000000d7680000, 0x0000000100000000)
  eden space 29696K, 5% used [0x00000000d5580000,0x00000000d5709210,0x00000000d7280000)
  from space 1024K, 96% used [0x00000000d7280000,0x00000000d7378020,0x00000000d7380000)
  to   space 2048K, 0% used [0x00000000d7480000,0x00000000d7480000,0x00000000d7680000)
 ParOldGen       total 68608K, used 44593K [0x0000000080000000, 0x0000000084300000, 0x00000000d5580000)
  object space 68608K, 64% used [0x0000000080000000,0x0000000082b8c600,0x0000000084300000)
 Metaspace       used 61543K, committed 62784K, reserved 1114112K
  class space    used 5980K, committed 6528K, reserved 1048576K
GC Heap History (20 events):
Event: 17.999 GC heap before
{Heap before GC invocations=17 (full 2):
 PSYoungGen      total 29696K, used 29692K [0x00000000d5580000, 0x00000000d7a00000, 0x0000000100000000)
  eden space 28160K, 100% used [0x00000000d5580000,0x00000000d7100000,0x00000000d7100000)
  from space 1536K, 99% used [0x00000000d7500000,0x00000000d767f2e8,0x00000000d7680000)
  to   space 4096K, 0% used [0x00000000d7100000,0x00000000d7100000,0x00000000d7500000)
 ParOldGen       total 68608K, used 23898K [0x0000000080000000, 0x0000000084300000, 0x00000000d5580000)
  object space 68608K, 34% used [0x0000000080000000,0x0000000081756818,0x0000000084300000)
 Metaspace       used 48487K, committed 49472K, reserved 1114112K
  class space    used 4458K, committed 4864K, reserved 1048576K
}
Event: 18.003 GC heap after
{Heap after GC invocations=17 (full 2):
 PSYoungGen      total 31232K, used 3115K [0x00000000d5580000, 0x00000000d7780000, 0x0000000100000000)
  eden space 27648K, 0% used [0x00000000d5580000,0x00000000d5580000,0x00000000d7080000)
  from space 3584K, 86% used [0x00000000d7100000,0x00000000d740ae28,0x00000000d7480000)
  to   space 3072K, 0% used [0x00000000d7480000,0x00000000d7480000,0x00000000d7780000)
 ParOldGen       total 68608K, used 24974K [0x0000000080000000, 0x0000000084300000, 0x00000000d5580000)
  object space 68608K, 36% used [0x0000000080000000,0x0000000081863888,0x0000000084300000)
 Metaspace       used 48487K, committed 49472K, reserved 1114112K
  class space    used 4458K, committed 4864K, reserved 1048576K
}
Event: 20.069 GC heap before
{Heap before GC invocations=18 (full 2):
 PSYoungGen      total 31232K, used 30763K [0x00000000d5580000, 0x00000000d7780000, 0x0000000100000000)
  eden space 27648K, 100% used [0x00000000d5580000,0x00000000d7080000,0x00000000d7080000)
  from space 3584K, 86% used [0x00000000d7100000,0x00000000d740ae28,0x00000000d7480000)
  to   space 3072K, 0% used [0x00000000d7480000,0x00000000d7480000,0x00000000d7780000)
 ParOldGen       total 68608K, used 24974K [0x0000000080000000, 0x0000000084300000, 0x00000000d5580000)
  object space 68608K, 36% used [0x0000000080000000,0x0000000081863888,0x0000000084300000)
 Metaspace       used 50155K, committed 51200K, reserved 1114112K
  class space    used 4626K, committed 5056K, reserved 1048576K
}
Event: 20.072 GC heap after
{Heap after GC invocations=18 (full 2):
 PSYoungGen      total 31744K, used 736K [0x00000000d5580000, 0x00000000d7680000, 0x0000000100000000)
  eden space 29696K, 0% used [0x00000000d5580000,0x00000000d5580000,0x00000000d7280000)
  from space 2048K, 35% used [0x00000000d7480000,0x00000000d7538000,0x00000000d7680000)
  to   space 2048K, 0% used [0x00000000d7280000,0x00000000d7280000,0x00000000d7480000)
 ParOldGen       total 68608K, used 27544K [0x0000000080000000, 0x0000000084300000, 0x00000000d5580000)
  object space 68608K, 40% used [0x0000000080000000,0x0000000081ae60b0,0x0000000084300000)
 Metaspace       used 50155K, committed 51200K, reserved 1114112K
  class space    used 4626K, committed 5056K, reserved 1048576K
}
Event: 21.188 GC heap before
{Heap before GC invocations=19 (full 2):
 PSYoungGen      total 31744K, used 30337K [0x00000000d5580000, 0x00000000d7680000, 0x0000000100000000)
  eden space 29696K, 99% used [0x00000000d5580000,0x00000000d72684a8,0x00000000d7280000)
  from space 2048K, 35% used [0x00000000d7480000,0x00000000d7538000,0x00000000d7680000)
  to   space 2048K, 0% used [0x00000000d7280000,0x00000000d7280000,0x00000000d7480000)
 ParOldGen       total 68608K, used 27544K [0x0000000080000000, 0x0000000084300000, 0x00000000d5580000)
  object space 68608K, 40% used [0x0000000080000000,0x0000000081ae60b0,0x0000000084300000)
 Metaspace       used 52170K, committed 53248K, reserved 1114112K
  class space    used 4846K, committed 5312K, reserved 1048576K
}
Event: 21.192 GC heap after
{Heap after GC invocations=19 (full 2):
 PSYoungGen      total 31232K, used 2017K [0x00000000d5580000, 0x00000000d7e00000, 0x0000000100000000)
  eden space 29184K, 0% used [0x00000000d5580000,0x00000000d5580000,0x00000000d7200000)
  from space 2048K, 98% used [0x00000000d7280000,0x00000000d74786e0,0x00000000d7480000)
  to   space 6144K, 0% used [0x00000000d7800000,0x00000000d7800000,0x00000000d7e00000)
 ParOldGen       total 68608K, used 30495K [0x0000000080000000, 0x0000000084300000, 0x00000000d5580000)
  object space 68608K, 44% used [0x0000000080000000,0x0000000081dc7c70,0x0000000084300000)
 Metaspace       used 52170K, committed 53248K, reserved 1114112K
  class space    used 4846K, committed 5312K, reserved 1048576K
}
Event: 22.123 GC heap before
{Heap before GC invocations=20 (full 2):
 PSYoungGen      total 31232K, used 31201K [0x00000000d5580000, 0x00000000d7e00000, 0x0000000100000000)
  eden space 29184K, 100% used [0x00000000d5580000,0x00000000d7200000,0x00000000d7200000)
  from space 2048K, 98% used [0x00000000d7280000,0x00000000d74786e0,0x00000000d7480000)
  to   space 6144K, 0% used [0x00000000d7800000,0x00000000d7800000,0x00000000d7e00000)
 ParOldGen       total 68608K, used 30495K [0x0000000080000000, 0x0000000084300000, 0x00000000d5580000)
  object space 68608K, 44% used [0x0000000080000000,0x0000000081dc7c70,0x0000000084300000)
 Metaspace       used 54354K, committed 55552K, reserved 1114112K
  class space    used 5074K, committed 5568K, reserved 1048576K
}
Event: 22.131 GC heap after
{Heap after GC invocations=20 (full 2):
 PSYoungGen      total 34304K, used 5255K [0x00000000d5580000, 0x00000000d7d80000, 0x0000000100000000)
  eden space 28672K, 0% used [0x00000000d5580000,0x00000000d5580000,0x00000000d7180000)
  from space 5632K, 93% used [0x00000000d7800000,0x00000000d7d21f58,0x00000000d7d80000)
  to   space 5632K, 0% used [0x00000000d7280000,0x00000000d7280000,0x00000000d7800000)
 ParOldGen       total 68608K, used 32452K [0x0000000080000000, 0x0000000084300000, 0x00000000d5580000)
  object space 68608K, 47% used [0x0000000080000000,0x0000000081fb1168,0x0000000084300000)
 Metaspace       used 54354K, committed 55552K, reserved 1114112K
  class space    used 5074K, committed 5568K, reserved 1048576K
}
Event: 22.796 GC heap before
{Heap before GC invocations=21 (full 2):
 PSYoungGen      total 34304K, used 33927K [0x00000000d5580000, 0x00000000d7d80000, 0x0000000100000000)
  eden space 28672K, 100% used [0x00000000d5580000,0x00000000d7180000,0x00000000d7180000)
  from space 5632K, 93% used [0x00000000d7800000,0x00000000d7d21f58,0x00000000d7d80000)
  to   space 5632K, 0% used [0x00000000d7280000,0x00000000d7280000,0x00000000d7800000)
 ParOldGen       total 68608K, used 32452K [0x0000000080000000, 0x0000000084300000, 0x00000000d5580000)
  object space 68608K, 47% used [0x0000000080000000,0x0000000081fb1168,0x0000000084300000)
 Metaspace       used 54439K, committed 55616K, reserved 1114112K
  class space    used 5078K, committed 5568K, reserved 1048576K
}
Event: 22.801 GC heap after
{Heap after GC invocations=21 (full 2):
 PSYoungGen      total 30720K, used 864K [0x00000000d5580000, 0x00000000d7880000, 0x0000000100000000)
  eden space 29696K, 0% used [0x00000000d5580000,0x00000000d5580000,0x00000000d7280000)
  from space 1024K, 84% used [0x00000000d7280000,0x00000000d7358000,0x00000000d7380000)
  to   space 2560K, 0% used [0x00000000d7600000,0x00000000d7600000,0x00000000d7880000)
 ParOldGen       total 68608K, used 37522K [0x0000000080000000, 0x0000000084300000, 0x00000000d5580000)
  object space 68608K, 54% used [0x0000000080000000,0x00000000824a4b90,0x0000000084300000)
 Metaspace       used 54439K, committed 55616K, reserved 1114112K
  class space    used 5078K, committed 5568K, reserved 1048576K
}
Event: 23.191 GC heap before
{Heap before GC invocations=22 (full 2):
 PSYoungGen      total 30720K, used 30560K [0x00000000d5580000, 0x00000000d7880000, 0x0000000100000000)
  eden space 29696K, 100% used [0x00000000d5580000,0x00000000d7280000,0x00000000d7280000)
  from space 1024K, 84% used [0x00000000d7280000,0x00000000d7358000,0x00000000d7380000)
  to   space 2560K, 0% used [0x00000000d7600000,0x00000000d7600000,0x00000000d7880000)
 ParOldGen       total 68608K, used 37522K [0x0000000080000000, 0x0000000084300000, 0x00000000d5580000)
  object space 68608K, 54% used [0x0000000080000000,0x00000000824a4b90,0x0000000084300000)
 Metaspace       used 54587K, committed 55744K, reserved 1114112K
  class space    used 5102K, committed 5568K, reserved 1048576K
}
Event: 23.194 GC heap after
{Heap after GC invocations=22 (full 2):
 PSYoungGen      total 29696K, used 2551K [0x00000000d5580000, 0x00000000d7e00000, 0x0000000100000000)
  eden space 27136K, 0% used [0x00000000d5580000,0x00000000d5580000,0x00000000d7000000)
  from space 2560K, 99% used [0x00000000d7600000,0x00000000d787dc50,0x00000000d7880000)
  to   space 6144K, 0% used [0x00000000d7000000,0x00000000d7000000,0x00000000d7600000)
 ParOldGen       total 68608K, used 40094K [0x0000000080000000, 0x0000000084300000, 0x00000000d5580000)
  object space 68608K, 58% used [0x0000000080000000,0x0000000082727a40,0x0000000084300000)
 Metaspace       used 54587K, committed 55744K, reserved 1114112K
  class space    used 5102K, committed 5568K, reserved 1048576K
}
Event: 23.768 GC heap before
{Heap before GC invocations=23 (full 2):
 PSYoungGen      total 29696K, used 29687K [0x00000000d5580000, 0x00000000d7e00000, 0x0000000100000000)
  eden space 27136K, 100% used [0x00000000d5580000,0x00000000d7000000,0x00000000d7000000)
  from space 2560K, 99% used [0x00000000d7600000,0x00000000d787dc50,0x00000000d7880000)
  to   space 6144K, 0% used [0x00000000d7000000,0x00000000d7000000,0x00000000d7600000)
 ParOldGen       total 68608K, used 40094K [0x0000000080000000, 0x0000000084300000, 0x00000000d5580000)
  object space 68608K, 58% used [0x0000000080000000,0x0000000082727a40,0x0000000084300000)
 Metaspace       used 57170K, committed 58368K, reserved 1114112K
  class space    used 5423K, committed 5952K, reserved 1048576K
}
Event: 23.771 GC heap after
{Heap after GC invocations=23 (full 2):
 PSYoungGen      total 28672K, used 1168K [0x00000000d5580000, 0x00000000d7680000, 0x0000000100000000)
  eden space 27136K, 0% used [0x00000000d5580000,0x00000000d5580000,0x00000000d7000000)
  from space 1536K, 76% used [0x00000000d7000000,0x00000000d7124020,0x00000000d7180000)
  to   space 3072K, 0% used [0x00000000d7380000,0x00000000d7380000,0x00000000d7680000)
 ParOldGen       total 68608K, used 42648K [0x0000000080000000, 0x0000000084300000, 0x00000000d5580000)
  object space 68608K, 62% used [0x0000000080000000,0x00000000829a62d0,0x0000000084300000)
 Metaspace       used 57170K, committed 58368K, reserved 1114112K
  class space    used 5423K, committed 5952K, reserved 1048576K
}
Event: 24.693 GC heap before
{Heap before GC invocations=24 (full 2):
 PSYoungGen      total 28672K, used 28304K [0x00000000d5580000, 0x00000000d7680000, 0x0000000100000000)
  eden space 27136K, 100% used [0x00000000d5580000,0x00000000d7000000,0x00000000d7000000)
  from space 1536K, 76% used [0x00000000d7000000,0x00000000d7124020,0x00000000d7180000)
  to   space 3072K, 0% used [0x00000000d7380000,0x00000000d7380000,0x00000000d7680000)
 ParOldGen       total 68608K, used 42648K [0x0000000080000000, 0x0000000084300000, 0x00000000d5580000)
  object space 68608K, 62% used [0x0000000080000000,0x00000000829a62d0,0x0000000084300000)
 Metaspace       used 58326K, committed 59456K, reserved 1114112K
  class space    used 5603K, committed 6080K, reserved 1048576K
}
Event: 24.696 GC heap after
{Heap after GC invocations=24 (full 2):
 PSYoungGen      total 32768K, used 496K [0x00000000d5580000, 0x00000000d7680000, 0x0000000100000000)
  eden space 29696K, 0% used [0x00000000d5580000,0x00000000d5580000,0x00000000d7280000)
  from space 3072K, 16% used [0x00000000d7380000,0x00000000d73fc010,0x00000000d7680000)
  to   space 1024K, 0% used [0x00000000d7280000,0x00000000d7280000,0x00000000d7380000)
 ParOldGen       total 68608K, used 43656K [0x0000000080000000, 0x0000000084300000, 0x00000000d5580000)
  object space 68608K, 63% used [0x0000000080000000,0x0000000082aa2300,0x0000000084300000)
 Metaspace       used 58326K, committed 59456K, reserved 1114112K
  class space    used 5603K, committed 6080K, reserved 1048576K
}
Event: 24.886 GC heap before
{Heap before GC invocations=25 (full 3):
 PSYoungGen      total 32768K, used 4963K [0x00000000d5580000, 0x00000000d7680000, 0x0000000100000000)
  eden space 29696K, 15% used [0x00000000d5580000,0x00000000d59dcf68,0x00000000d7280000)
  from space 3072K, 16% used [0x00000000d7380000,0x00000000d73fc010,0x00000000d7680000)
  to   space 1024K, 0% used [0x00000000d7280000,0x00000000d7280000,0x00000000d7380000)
 ParOldGen       total 68608K, used 43656K [0x0000000080000000, 0x0000000084300000, 0x00000000d5580000)
  object space 68608K, 63% used [0x0000000080000000,0x0000000082aa2300,0x0000000084300000)
 Metaspace       used 58553K, committed 59776K, reserved 1114112K
  class space    used 5626K, committed 6144K, reserved 1048576K
}
Event: 24.945 GC heap after
{Heap after GC invocations=25 (full 3):
 PSYoungGen      total 32768K, used 0K [0x00000000d5580000, 0x00000000d7680000, 0x0000000100000000)
  eden space 29696K, 0% used [0x00000000d5580000,0x00000000d5580000,0x00000000d7280000)
  from space 3072K, 0% used [0x00000000d7380000,0x00000000d7380000,0x00000000d7680000)
  to   space 1024K, 0% used [0x00000000d7280000,0x00000000d7280000,0x00000000d7380000)
 ParOldGen       total 68608K, used 44009K [0x0000000080000000, 0x0000000084300000, 0x00000000d5580000)
  object space 68608K, 64% used [0x0000000080000000,0x0000000082afa5d0,0x0000000084300000)
 Metaspace       used 58553K, committed 59776K, reserved 1114112K
  class space    used 5626K, committed 6144K, reserved 1048576K
}
Event: 32.930 GC heap before
{Heap before GC invocations=26 (full 3):
 PSYoungGen      total 32768K, used 29696K [0x00000000d5580000, 0x00000000d7680000, 0x0000000100000000)
  eden space 29696K, 100% used [0x00000000d5580000,0x00000000d7280000,0x00000000d7280000)
  from space 3072K, 0% used [0x00000000d7380000,0x00000000d7380000,0x00000000d7680000)
  to   space 1024K, 0% used [0x00000000d7280000,0x00000000d7280000,0x00000000d7380000)
 ParOldGen       total 68608K, used 44009K [0x0000000080000000, 0x0000000084300000, 0x00000000d5580000)
  object space 68608K, 64% used [0x0000000080000000,0x0000000082afa5d0,0x0000000084300000)
 Metaspace       used 61380K, committed 62656K, reserved 1114112K
  class space    used 5974K, committed 6528K, reserved 1048576K
}
Event: 32.933 GC heap after
{Heap after GC invocations=26 (full 3):
 PSYoungGen      total 30720K, used 992K [0x00000000d5580000, 0x00000000d7680000, 0x0000000100000000)
  eden space 29696K, 0% used [0x00000000d5580000,0x00000000d5580000,0x00000000d7280000)
  from space 1024K, 96% used [0x00000000d7280000,0x00000000d7378020,0x00000000d7380000)
  to   space 2048K, 0% used [0x00000000d7480000,0x00000000d7480000,0x00000000d7680000)
 ParOldGen       total 68608K, used 44593K [0x0000000080000000, 0x0000000084300000, 0x00000000d5580000)
  object space 68608K, 64% used [0x0000000080000000,0x0000000082b8c600,0x0000000084300000)
 Metaspace       used 61380K, committed 62656K, reserved 1114112K
  class space    used 5974K, committed 6528K, reserved 1048576K
}

